{
  "RSpec": {
    "coverage": {
      "/Users/jackshields/Desktop/projects/chitter2/spec/features/view_chitter_spec.rb": {
        "lines": [
          1,
          1,
          1,
          1,
          null,
          null
        ]
      },
      "/Users/jackshields/Desktop/projects/chitter2/spec/features/view_tweets_spec.rb": {
        "lines": [
          1,
          1,
          1,
          null,
          1,
          null,
          null
        ]
      },
      "/Users/jackshields/Desktop/projects/chitter2/spec/tweet_spec.rb": {
        "lines": [
          1,
          null,
          1,
          1,
          1,
          1,
          null,
          1,
          null,
          null,
          null
        ]
      }
    },
    "timestamp": 1617185433
  }
}
